<?xml version="1.0" encoding="UTF-8"?>
<!-- Generated by org.testng.reporters.JUnitXMLReporter -->
<testsuite ignored="0" hostname="DESKTOP-L2ULBFR" failures="0" tests="5" name="Default test" time="53.276" errors="0" timestamp="2025-11-19T14:59:37 IST">
  <testcase classname="Test.RegressionTest" name="LoginWithCorrectUserAndEmail" time="5.544"/>
  <testcase classname="Test.RegressionTest" name="AllProductsAndProductDetailPage" time="30.684"/>
  <testcase classname="Test.RegressionTest" name="contactUsForm" time="4.277"/>
  <testcase classname="Test.RegressionTest" name="searchProduct" time="4.171"/>
  <testcase classname="Test.RegressionTest" name="addProductsToCart" time="4.23"/>
</testsuite> <!-- Default test -->
