<?xml version="1.0" encoding="UTF-8"?>
<!-- Generated by org.testng.reporters.JUnitXMLReporter -->
<testsuite ignored="0" hostname="DESKTOP-L2ULBFR" failures="1" tests="5" name="Regression" time="30.284" errors="0" timestamp="2025-11-19T14:56:45 IST">
  <testcase classname="Test.RegressionTest" name="LoginWithCorrectUserAndEmail" time="4.777"/>
  <testcase classname="Test.RegressionTest" name="AllProductsAndProductDetailPage" time="7.422"/>
  <testcase classname="Test.RegressionTest" name="contactUsForm" time="4.955"/>
  <testcase classname="Test.RegressionTest" name="searchProduct" time="3.114"/>
  <testcase classname="Test.RegressionTest" name="addProductsToCart" time="4.783">
    <failure type="java.lang.AssertionError" message="--Total Price Mismatch-- expected [500.0] but found [1000.0]">
      <![CDATA[java.lang.AssertionError: --Total Price Mismatch-- expected [500.0] but found [1000.0]
at PageNew.CartPage.verifyTotalPrice(CartPage.java:49)
at Test.RegressionTest.addProductsToCart(RegressionTest.java:79)
at java.base/java.util.ArrayList.forEach(ArrayList.java:1597)
... Removed 31 stack frames]]>
    </failure>
  </testcase> <!-- addProductsToCart -->
</testsuite> <!-- Regression -->
