<?xml version="1.0" encoding="UTF-8"?>
<!-- Generated by org.testng.reporters.JUnitXMLReporter -->
<testsuite ignored="0" hostname="DESKTOP-L2ULBFR" failures="0" tests="6" name="Regression" time="66.433" errors="0" timestamp="2025-11-21T09:46:33 IST">
  <testcase classname="Test.RegressionTest" name="LoginWithCorrectUserAndEmail" time="7.262"/>
  <testcase classname="Test.RegressionTest" name="AllProductsAndProductDetailPage" time="25.867"/>
  <testcase classname="Test.RegressionTest" name="contactUsForm" time="5.624"/>
  <testcase classname="Test.RegressionTest" name="searchProduct" time="5.091"/>
  <testcase classname="Test.RegressionTest" name="addProductsToCart" time="9.197"/>
  <testcase classname="Test.RegressionTest" name="categoryCheck" time="4.659"/>
</testsuite> <!-- Regression -->
