<?xml version="1.0" encoding="UTF-8"?>
<!-- Generated by org.testng.reporters.JUnitXMLReporter -->
<testsuite ignored="0" hostname="DESKTOP-L2ULBFR" failures="1" tests="4" name="Test" time="7.097" errors="0" timestamp="2025-11-26T18:57:28 IST">
  <testcase classname="Test.ApiTests" name="verifyPostMethodNotAllowed" time="3.43"/>
  <testcase classname="Test.ApiTests" name="brandListApi" time="1.35"/>
  <testcase classname="Test.ApiTests" name="registerAccount" time="1.25">
    <failure type="java.lang.AssertionError" message="expected [201] but found [200]">
      <![CDATA[java.lang.AssertionError: expected [201] but found [200]
at Test.ApiTests.registerAccount(ApiTests.java:53)
at java.base/java.util.ArrayList.forEach(ArrayList.java:1597)
... Removed 32 stack frames]]>
    </failure>
  </testcase> <!-- registerAccount -->
  <testcase classname="Test.ApiTests" name="verifyLoginWithValidDetails" time="0.464"/>
</testsuite> <!-- Test -->
