<?xml version="1.0" encoding="UTF-8"?>
<!-- Generated by org.testng.reporters.JUnitXMLReporter -->
<testsuite ignored="0" hostname="DESKTOP-L2ULBFR" failures="1" tests="2" name="Test" time="3.228" errors="0" timestamp="2025-11-26T13:34:28 IST">
  <testcase classname="Test.ApiTests" name="verifyPostMethodNotAllowed" time="2.526">
    <failure type="java.lang.AssertionError" message="expected [406] but found [405]">
      <![CDATA[java.lang.AssertionError: expected [406] but found [405]
at Test.ApiTests.verifyPostMethodNotAllowed(ApiTests.java:23)
at java.base/java.util.ArrayList.forEach(ArrayList.java:1597)
... Removed 32 stack frames]]>
    </failure>
  </testcase> <!-- verifyPostMethodNotAllowed -->
  <testcase classname="Test.ApiTests" name="brandListApi" time="0.414"/>
</testsuite> <!-- Test -->
