<?xml version="1.0" encoding="UTF-8"?>
<testsuite xmlns:xsi="http://www.w3.org/2001/XMLSchema-instance" xsi:noNamespaceSchemaLocation="https://maven.apache.org/surefire/maven-surefire-plugin/xsd/surefire-test-report.xsd" version="3.0.2" name="TestSuite" time="42.35" tests="2" errors="0" skipped="0" failures="0">
  <properties>
[...]
</properties>
  <testcase name="AllProductsAndProductDetailPage" classname="Test.RegressionTest" time="29.437">
    <system-out><![CDATA[09:58:24.890 [main] DEBUG org.testng.TestNG - suiteXmlPath: "C:\Automation\Selenium\java\testng.xml"
Deleted old file: ExtentReport_2025-11-12_09-52-38.html
09:58:25.286 [main] DEBUG io.github.bonigarcia.wdm.WebDriverManager - Using WebDriverManager 6.1.0
09:58:25.559 [main] DEBUG io.github.bonigarcia.wdm.cache.ResolutionCache - Resolution chrome=142 in cache (valid until 10:38:31 12/11/2025 IST)
09:58:25.560 [main] DEBUG io.github.bonigarcia.wdm.cache.ResolutionCache - Resolution chrome142=142.0.7444.162 in cache (valid until 09:38:31 13/11/2025 IST)
09:58:25.561 [main] INFO io.github.bonigarcia.wdm.WebDriverManager - Using chromedriver 142.0.7444.162 (resolved driver for Chrome 142)
09:58:25.585 [main] DEBUG io.github.bonigarcia.wdm.WebDriverManager - Driver chromedriver 142.0.7444.162 found in cache
09:58:25.586 [main] INFO io.github.bonigarcia.wdm.WebDriverManager - Exporting webdriver.chrome.driver as C:\Users\SHIBIN\.cache\selenium\chromedriver\win64\142.0.7444.162\chromedriver.exe
------Driver Initialized---------
]]></system-out>
    <system-err><![CDATA[Nov 12, 2025 9:58:26 AM org.openqa.selenium.devtools.CdpVersionFinder findNearestMatch
WARNING: Unable to find CDP implementation matching 142
Nov 12, 2025 9:58:26 AM org.openqa.selenium.chromium.ChromiumDriver lambda$new$4
WARNING: Unable to find version of CDP to use for 142.0.7444.134. You may need to include a dependency on a specific version of the CDP using something similar to `org.seleniumhq.selenium:selenium-devtools-v86:4.28.1` where the version ("v86") matches the version of the chromium-based browser you're using and the version number of the artifact is the same as Selenium's.
]]></system-err>
  </testcase>
  <testcase name="contactUsForm" classname="Test.RegressionTest" time="4.698">
    <system-out><![CDATA[-----Alert text is : Press OK to proceed!--------------
]]></system-out>
  </testcase>
</testsuite>