<?xml version="1.0" encoding="UTF-8"?>
<testng-results ignored="0" total="5" passed="5" failed="0" skipped="0">
  <reporter-output>
  </reporter-output>
  <suite started-at="2025-11-19T14:58:44 IST" name="Default suite" finished-at="2025-11-19T14:59:37 IST" duration-ms="53276">
    <groups>
    </groups>
    <test started-at="2025-11-19T14:58:44 IST" name="Default test" finished-at="2025-11-19T14:59:37 IST" duration-ms="53276">
      <class name="Test.RegressionTest">
        <test-method is-config="true" signature="setup(org.testng.ITestContext)[pri:0, instance:Test.RegressionTest@3d6f0054]" started-at="2025-11-19T14:58:44 IST" name="setup" finished-at="2025-11-19T14:58:48 IST" duration-ms="4028" status="PASS">
          <params>
            <param index="0">
              <value>
                <![CDATA[org.testng.TestRunner@414f13fc]]>
              </value>
            </param>
          </params>
          <reporter-output>
          </reporter-output>
        </test-method> <!-- setup -->
        <test-method signature="LoginWithCorrectUserAndEmail()[pri:1, instance:Test.RegressionTest@3d6f0054]" started-at="2025-11-19T14:58:48 IST" name="LoginWithCorrectUserAndEmail" finished-at="2025-11-19T14:58:53 IST" duration-ms="5544" status="PASS">
          <reporter-output>
          </reporter-output>
        </test-method> <!-- LoginWithCorrectUserAndEmail -->
        <test-method signature="AllProductsAndProductDetailPage()[pri:2, instance:Test.RegressionTest@3d6f0054]" started-at="2025-11-19T14:58:53 IST" name="AllProductsAndProductDetailPage" finished-at="2025-11-19T14:59:24 IST" duration-ms="30684" status="PASS">
          <reporter-output>
          </reporter-output>
        </test-method> <!-- AllProductsAndProductDetailPage -->
        <test-method signature="contactUsForm()[pri:3, instance:Test.RegressionTest@3d6f0054]" started-at="2025-11-19T14:59:24 IST" name="contactUsForm" finished-at="2025-11-19T14:59:28 IST" duration-ms="4277" status="PASS">
          <reporter-output>
          </reporter-output>
        </test-method> <!-- contactUsForm -->
        <test-method signature="searchProduct()[pri:4, instance:Test.RegressionTest@3d6f0054]" started-at="2025-11-19T14:59:28 IST" name="searchProduct" finished-at="2025-11-19T14:59:32 IST" duration-ms="4171" status="PASS">
          <reporter-output>
          </reporter-output>
        </test-method> <!-- searchProduct -->
        <test-method signature="addProductsToCart()[pri:5, instance:Test.RegressionTest@3d6f0054]" started-at="2025-11-19T14:59:32 IST" name="addProductsToCart" finished-at="2025-11-19T14:59:37 IST" duration-ms="4230" status="PASS">
          <reporter-output>
          </reporter-output>
        </test-method> <!-- addProductsToCart -->
        <test-method is-config="true" signature="teardown()[pri:0, instance:Test.RegressionTest@3d6f0054]" started-at="2025-11-19T14:59:37 IST" name="teardown" finished-at="2025-11-19T14:59:37 IST" duration-ms="271" status="PASS">
          <reporter-output>
          </reporter-output>
        </test-method> <!-- teardown -->
      </class> <!-- Test.RegressionTest -->
    </test> <!-- Default test -->
  </suite> <!-- Default suite -->
</testng-results>
