<?xml version="1.0" encoding="UTF-8"?>
<testng-results ignored="0" total="2" passed="2" failed="0" skipped="0">
  <reporter-output>
  </reporter-output>
  <suite started-at="2025-11-07T13:37:16 IST" name="Suite" finished-at="2025-11-07T13:38:00 IST" duration-ms="43544">
    <groups>
    </groups>
    <test started-at="2025-11-07T13:37:16 IST" name="Regression" finished-at="2025-11-07T13:38:00 IST" duration-ms="43544">
      <class name="Test.RegressionTest">
        <test-method is-config="true" signature="setup(org.testng.ITestContext)[pri:0, instance:Test.RegressionTest@16a0ee18]" started-at="2025-11-07T13:37:16 IST" name="setup" finished-at="2025-11-07T13:37:22 IST" duration-ms="5642" status="PASS">
          <params>
            <param index="0">
              <value>
                <![CDATA[org.testng.TestRunner@642857e0]]>
              </value>
            </param>
          </params>
          <reporter-output>
          </reporter-output>
        </test-method> <!-- setup -->
        <test-method signature="AllProductsAndProductDetailPage()[pri:1, instance:Test.RegressionTest@16a0ee18]" started-at="2025-11-07T13:37:22 IST" name="AllProductsAndProductDetailPage" finished-at="2025-11-07T13:37:51 IST" duration-ms="28828" status="PASS">
          <reporter-output>
          </reporter-output>
        </test-method> <!-- AllProductsAndProductDetailPage -->
        <test-method signature="contactUsForm()[pri:2, instance:Test.RegressionTest@16a0ee18]" started-at="2025-11-07T13:37:51 IST" name="contactUsForm" finished-at="2025-11-07T13:37:59 IST" duration-ms="8496" status="PASS">
          <reporter-output>
          </reporter-output>
        </test-method> <!-- contactUsForm -->
        <test-method is-config="true" signature="teardown()[pri:0, instance:Test.RegressionTest@16a0ee18]" started-at="2025-11-07T13:37:59 IST" name="teardown" finished-at="2025-11-07T13:38:00 IST" duration-ms="385" status="PASS">
          <reporter-output>
          </reporter-output>
        </test-method> <!-- teardown -->
      </class> <!-- Test.RegressionTest -->
    </test> <!-- Regression -->
  </suite> <!-- Suite -->
</testng-results>
