<?xml version="1.0" encoding="UTF-8"?>
<testng-results ignored="0" total="2" passed="2" failed="0" skipped="0">
  <reporter-output>
  </reporter-output>
  <suite started-at="2025-11-26T12:19:01 IST" name="Default suite" finished-at="2025-11-26T12:19:04 IST" duration-ms="3257">
    <groups>
    </groups>
    <test started-at="2025-11-26T12:19:01 IST" name="Default test" finished-at="2025-11-26T12:19:04 IST" duration-ms="3257">
      <class name="Test.ApiTests">
        <test-method is-config="true" signature="setUp()[pri:0, instance:Test.ApiTests@3fb1549b]" started-at="2025-11-26T12:19:01 IST" name="setUp" finished-at="2025-11-26T12:19:01 IST" duration-ms="257" status="PASS">
          <reporter-output>
          </reporter-output>
        </test-method> <!-- setUp -->
        <test-method signature="verifyPostMethodNotAllowed()[pri:1, instance:Test.ApiTests@3fb1549b]" started-at="2025-11-26T12:19:01 IST" name="verifyPostMethodNotAllowed" finished-at="2025-11-26T12:19:03 IST" duration-ms="2493" status="PASS">
          <reporter-output>
          </reporter-output>
        </test-method> <!-- verifyPostMethodNotAllowed -->
        <test-method signature="brandListApi()[pri:2, instance:Test.ApiTests@3fb1549b]" started-at="2025-11-26T12:19:03 IST" name="brandListApi" finished-at="2025-11-26T12:19:04 IST" duration-ms="479" status="PASS">
          <reporter-output>
          </reporter-output>
        </test-method> <!-- brandListApi -->
      </class> <!-- Test.ApiTests -->
    </test> <!-- Default test -->
  </suite> <!-- Default suite -->
</testng-results>
