<?xml version="1.0" encoding="UTF-8"?>
<!-- Generated by org.testng.reporters.JUnitReportReporter -->
<testsuite hostname="DESKTOP-L2ULBFR" failures="0" tests="6" name="Test.RegressionTest" time="50.417" errors="0" timestamp="2025-11-23T09:52:21 IST" skipped="0">
  <testcase classname="Test.RegressionTest" name="LoginWithCorrectUserAndEmail" time="5.008"/>
  <testcase classname="Test.RegressionTest" name="AllProductsAndProductDetailPage" time="7.642"/>
  <testcase classname="Test.RegressionTest" name="contactUsForm" time="5.700"/>
  <testcase classname="Test.RegressionTest" name="searchProduct" time="10.954"/>
  <testcase classname="Test.RegressionTest" name="addProductsToCart" time="14.997"/>
  <testcase classname="Test.RegressionTest" name="categoryCheck" time="6.116"/>
</testsuite> <!-- Test.RegressionTest -->
