<?xml version="1.0" encoding="UTF-8"?>
<!-- Generated by org.testng.reporters.JUnitReportReporter -->
<testsuite hostname="DESKTOP-L2ULBFR" failures="0" tests="5" name="Test.RegressionTest" time="48.906" errors="0" timestamp="2025-11-19T14:59:37 IST" skipped="0">
  <testcase classname="Test.RegressionTest" name="LoginWithCorrectUserAndEmail" time="5.544"/>
  <testcase classname="Test.RegressionTest" name="AllProductsAndProductDetailPage" time="30.684"/>
  <testcase classname="Test.RegressionTest" name="contactUsForm" time="4.277"/>
  <testcase classname="Test.RegressionTest" name="searchProduct" time="4.171"/>
  <testcase classname="Test.RegressionTest" name="addProductsToCart" time="4.230"/>
</testsuite> <!-- Test.RegressionTest -->
